master
42c11f08540949b75bd513e6880a4ce6824a2bcc
Votre branche est à jour avec 'origin/master'.
Déjà à jour.
42c11f08540949b75bd513e6880a4ce6824a2bcc
master
c2e1ecf9fcea069828bde44c3624c9aeb4a134a7
Votre branche est à jour avec 'origin/master'.
Déjà à jour.
c2e1ecf9fcea069828bde44c3624c9aeb4a134a7
master
d2725d44fce59ea7060b4d712c5739512a56882d
Votre branche est à jour avec 'origin/master'.
Déjà à jour.
d2725d44fce59ea7060b4d712c5739512a56882d
master
aac4a4423898fccbd1ab72c369ac09995a9139f1
Votre branche est à jour avec 'origin/master'.
Déjà à jour.
aac4a4423898fccbd1ab72c369ac09995a9139f1
Clonage dans '/home/alexis/.antigen/repos/https-COLON--SLASH--SLASH-github.com-SLASH-caiogondim-SLASH-bullet-train-oh-my-zsh-theme'...
Clonage dans '/home/alexis/.antigen/repos/https-COLON--SLASH--SLASH-github.com-SLASH-bhilburn-SLASH-powerlevel9k.git'...
Sous-module 'shunit2' (https://github.com/kward/shunit2.git) enregistré pour le chemin 'shunit2'
Clonage dans '/home/alexis/.antigen/repos/https-COLON--SLASH--SLASH-github.com-SLASH-bhilburn-SLASH-powerlevel9k.git/shunit2'...
Chemin de sous-module 'shunit2' : '60dd60bcd1573befe38465010263ab242e55811d' extrait
Clonage dans '/home/alexis/.antigen/repos/https-COLON--SLASH--SLASH-github.com-SLASH-bhilburn-SLASH-powerlevel9k'...
Sous-module 'shunit2' (https://github.com/kward/shunit2.git) enregistré pour le chemin 'shunit2'
Clonage dans '/home/alexis/.antigen/repos/https-COLON--SLASH--SLASH-github.com-SLASH-bhilburn-SLASH-powerlevel9k/shunit2'...
Chemin de sous-module 'shunit2' : '60dd60bcd1573befe38465010263ab242e55811d' extrait
